Determining if the pthread_create exist failed with the following output:
Change Dir: /home/dance/Epuck-Robot-Gazebo/build/CMakeFiles/CMakeTmp

Run Build Command:"/usr/bin/make" "cmTC_42437/fast"
/usr/bin/make -f CMakeFiles/cmTC_42437.dir/build.make CMakeFiles/cmTC_42437.dir/build
make[1]: Entering directory '/home/dance/Epuck-Robot-Gazebo/build/CMakeFiles/CMakeTmp'
Building C object CMakeFiles/cmTC_42437.dir/CheckSymbolExists.c.o
/usr/bin/cc     -o CMakeFiles/cmTC_42437.dir/CheckSymbolExists.c.o   -c /home/dance/Epuck-Robot-Gazebo/build/CMakeFiles/CMakeTmp/CheckSymbolExists.c
Linking C executable cmTC_42437
/usr/bin/cmake -E cmake_link_script CMakeFiles/cmTC_42437.dir/link.txt --verbose=1
/usr/bin/cc       CMakeFiles/cmTC_42437.dir/CheckSymbolExists.c.o  -o cmTC_42437 -rdynamic 
CMakeFiles/cmTC_42437.dir/CheckSymbolExists.c.o: In function `main':
CheckSymbolExists.c:(.text+0x16): undefined reference to `pthread_create'
collect2: error: ld returned 1 exit status
CMakeFiles/cmTC_42437.dir/build.make:97: recipe for target 'cmTC_42437' failed
make[1]: *** [cmTC_42437] Error 1
make[1]: Leaving directory '/home/dance/Epuck-Robot-Gazebo/build/CMakeFiles/CMakeTmp'
Makefile:126: recipe for target 'cmTC_42437/fast' failed
make: *** [cmTC_42437/fast] Error 2

File /home/dance/Epuck-Robot-Gazebo/build/CMakeFiles/CMakeTmp/CheckSymbolExists.c:
/* */
#include <pthread.h>

int main(int argc, char** argv)
{
  (void)argv;
#ifndef pthread_create
  return ((int*)(&pthread_create))[argc];
#else
  (void)argc;
  return 0;
#endif
}

Determining if the function pthread_create exists in the pthreads failed with the following output:
Change Dir: /home/dance/Epuck-Robot-Gazebo/build/CMakeFiles/CMakeTmp

Run Build Command:"/usr/bin/make" "cmTC_8c51f/fast"
/usr/bin/make -f CMakeFiles/cmTC_8c51f.dir/build.make CMakeFiles/cmTC_8c51f.dir/build
make[1]: Entering directory '/home/dance/Epuck-Robot-Gazebo/build/CMakeFiles/CMakeTmp'
Building C object CMakeFiles/cmTC_8c51f.dir/CheckFunctionExists.c.o
/usr/bin/cc    -DCHECK_FUNCTION_EXISTS=pthread_create   -o CMakeFiles/cmTC_8c51f.dir/CheckFunctionExists.c.o   -c /usr/share/cmake-3.5/Modules/CheckFunctionExists.c
Linking C executable cmTC_8c51f
/usr/bin/cmake -E cmake_link_script CMakeFiles/cmTC_8c51f.dir/link.txt --verbose=1
/usr/bin/cc   -DCHECK_FUNCTION_EXISTS=pthread_create    CMakeFiles/cmTC_8c51f.dir/CheckFunctionExists.c.o  -o cmTC_8c51f -rdynamic -lpthreads 
/usr/bin/ld: cannot find -lpthreads
collect2: error: ld returned 1 exit status
CMakeFiles/cmTC_8c51f.dir/build.make:97: recipe for target 'cmTC_8c51f' failed
make[1]: *** [cmTC_8c51f] Error 1
make[1]: Leaving directory '/home/dance/Epuck-Robot-Gazebo/build/CMakeFiles/CMakeTmp'
Makefile:126: recipe for target 'cmTC_8c51f/fast' failed
make: *** [cmTC_8c51f/fast] Error 2


